<?xml version="1.0" encoding="UTF-8" ?>
<testsuite failures="0" time="30.285" errors="0" skipped="0" tests="2" name="fr.liglab.adele.icasa.zigbee.test.ZigbeeDeviceTest">
  <properties>
    <property name="java.runtime.name" value="Java(TM) SE Runtime Environment"/>
    <property name="icasa.disable.access.policy" value="true"/>
    <property name="java.protocol.handler.pkgs" value="org.ops4j.pax.url"/>
    <property name="sun.boot.library.path" value="/usr/lib/jvm/java-6-oracle/jre/lib/i386"/>
    <property name="java.vm.version" value="20.14-b01"/>
    <property name="java.vm.vendor" value="Sun Microsystems Inc."/>
    <property name="java.vendor.url" value="http://java.sun.com/"/>
    <property name="path.separator" value=":"/>
    <property name="java.vm.name" value="Java HotSpot(TM) Server VM"/>
    <property name="file.encoding.pkg" value="sun.io"/>
    <property name="user.country" value="US"/>
    <property name="sun.java.launcher" value="SUN_STANDARD"/>
    <property name="sun.os.patch.level" value="unknown"/>
    <property name="java.vm.specification.name" value="Java Virtual Machine Specification"/>
    <property name="user.dir" value="/home/torito/workspace/iCasa/iCasaPlatform/tests/core-platform-tests/zigbee-test"/>
    <property name="java.runtime.version" value="1.6.0_43-b01"/>
    <property name="java.awt.graphicsenv" value="sun.awt.X11GraphicsEnvironment"/>
    <property name="basedir" value="/home/torito/workspace/iCasa/iCasaPlatform/tests/core-platform-tests/zigbee-test"/>
    <property name="java.endorsed.dirs" value="/usr/lib/jvm/java-6-oracle/jre/lib/endorsed"/>
    <property name="os.arch" value="i386"/>
    <property name="surefire.real.class.path" value="/tmp/surefirebooter9203962097350703240.jar"/>
    <property name="java.io.tmpdir" value="/tmp"/>
    <property name="line.separator" value="
"/>
    <property name="java.vm.specification.vendor" value="Sun Microsystems Inc."/>
    <property name="os.name" value="Linux"/>
    <property name="sun.jnu.encoding" value="UTF-8"/>
    <property name="java.library.path" value="/usr/lib/jvm/java-6-oracle/jre/lib/i386/server:/usr/lib/jvm/java-6-oracle/jre/lib/i386:/usr/lib/jvm/java-6-oracle/jre/../lib/i386:/usr/java/packages/lib/i386:/lib:/usr/lib"/>
    <property name="surefire.test.class.path" value="/home/torito/workspace/iCasa/iCasaPlatform/tests/core-platform-tests/zigbee-test/target/test-classes:/home/torito/workspace/iCasa/iCasaPlatform/tests/core-platform-tests/zigbee-test/target/classes:/home/torito/.m2/repository/fr/liglab/adele/icasa/context.api/1.1.2-SNAPSHOT/context.api-1.1.2-SNAPSHOT.jar:/home/torito/.m2/repository/org/ow2/chameleon/json/json-service-json.org/0.4.0/json-service-json.org-0.4.0.jar:/home/torito/.m2/repository/org/json/org.ow2.chameleon.commons.json/20090911-0002/org.ow2.chameleon.commons.json-20090911-0002.jar:/home/torito/.m2/repository/org/json/json/20090211/json-20090211.jar:/home/torito/.m2/repository/org/ow2/chameleon/json/json-service/0.4.0/json-service-0.4.0.jar:/home/torito/.m2/repository/fr/liglab/adele/icasa/simulator.api/1.1.2-SNAPSHOT/simulator.api-1.1.2-SNAPSHOT.jar:/home/torito/.m2/repository/fr/liglab/adele/icasa/technical.services.api/1.1.2-SNAPSHOT/technical.services.api-1.1.2-SNAPSHOT.jar:/home/torito/.m2/repository/org/osgi/org.osgi.compendium/4.2.0/org.osgi.compendium-4.2.0.jar:/home/torito/.m2/repository/fr/liglab/adele/icasa/access.manager.api/1.1.2-SNAPSHOT/access.manager.api-1.1.2-SNAPSHOT.jar:/home/torito/.m2/repository/fr/liglab/adele/icasa/application.api/1.1.2-SNAPSHOT/application.api-1.1.2-SNAPSHOT.jar:/home/torito/.m2/repository/fr/liglab/adele/icasa/common/1.1.2-SNAPSHOT/common-1.1.2-SNAPSHOT.jar:/home/torito/.m2/repository/org/apache/felix/org.apache.felix.ipojo/1.10.1/org.apache.felix.ipojo-1.10.1.jar:/home/torito/.m2/repository/org/apache/felix/org.apache.felix.ipojo.metadata/1.6.0/org.apache.felix.ipojo.metadata-1.6.0.jar:/home/torito/.m2/repository/org/ops4j/pax/exam/pax-exam-container-native/3.0.0/pax-exam-container-native-3.0.0.jar:/home/torito/.m2/repository/org/ops4j/pax/exam/pax-exam/3.0.0/pax-exam-3.0.0.jar:/home/torito/.m2/repository/org/ops4j/base/ops4j-base-store/1.4.0/ops4j-base-store-1.4.0.jar:/home/torito/.m2/repository/org/ops4j/base/ops4j-base-io/1.4.0/ops4j-base-io-1.4.0.jar:/home/torito/.m2/repository/org/ops4j/base/ops4j-base-util-property/1.4.0/ops4j-base-util-property-1.4.0.jar:/home/torito/.m2/repository/org/ops4j/pax/exam/pax-exam-spi/3.0.0/pax-exam-spi-3.0.0.jar:/home/torito/.m2/repository/org/ops4j/base/ops4j-base-spi/1.4.0/ops4j-base-spi-1.4.0.jar:/home/torito/.m2/repository/com/google/guava/guava/14.0.1/guava-14.0.1.jar:/home/torito/.m2/repository/org/ops4j/pax/tinybundles/tinybundles/1.0.0/tinybundles-1.0.0.jar:/home/torito/.m2/repository/biz/aQute/bndlib/1.43.0/bndlib-1.43.0.jar:/home/torito/.m2/repository/org/glassfish/main/common/scattered-archive-api/3.1.2.2/scattered-archive-api-3.1.2.2.jar:/home/torito/.m2/repository/org/ops4j/pax/swissbox/pax-swissbox-core/1.6.0/pax-swissbox-core-1.6.0.jar:/home/torito/.m2/repository/org/ops4j/pax/swissbox/pax-swissbox-lifecycle/1.6.0/pax-swissbox-lifecycle-1.6.0.jar:/home/torito/.m2/repository/org/ops4j/pax/swissbox/pax-swissbox-tracker/1.6.0/pax-swissbox-tracker-1.6.0.jar:/home/torito/.m2/repository/org/ops4j/base/ops4j-base-lang/1.4.0/ops4j-base-lang-1.4.0.jar:/home/torito/.m2/repository/org/ops4j/base/ops4j-base-net/1.4.0/ops4j-base-net-1.4.0.jar:/home/torito/.m2/repository/org/ops4j/base/ops4j-base-monitors/1.4.0/ops4j-base-monitors-1.4.0.jar:/home/torito/.m2/repository/org/ops4j/pax/url/pax-url-link/1.5.0/pax-url-link-1.5.0.jar:/home/torito/.m2/repository/org/ops4j/pax/url/pax-url-classpath/1.5.0/pax-url-classpath-1.5.0.jar:/home/torito/.m2/repository/org/ops4j/pax/swissbox/pax-swissbox-optional-jcl/1.5.0/pax-swissbox-optional-jcl-1.5.0.jar:/home/torito/.m2/repository/fr/liglab/adele/icasa/zigbee.core.dp/1.1.2-SNAPSHOT/zigbee.core.dp-1.1.2-SNAPSHOT.dp:/home/torito/.m2/repository/de/akquinet/gomobile/deployment-admin-impl/1.0.2/deployment-admin-impl-1.0.2.jar:/home/torito/.m2/repository/org/ops4j/pax/exam/pax-exam-junit4/3.0.0/pax-exam-junit4-3.0.0.jar:/home/torito/.m2/repository/org/ops4j/pax/exam/pax-exam-link-mvn/3.0.0/pax-exam-link-mvn-3.0.0.jar:/home/torito/.m2/repository/org/ops4j/pax/url/pax-url-aether/1.5.2/pax-url-aether-1.5.2.jar:/home/torito/.m2/repository/org/ops4j/pax/url/pax-url-commons/1.5.2/pax-url-commons-1.5.2.jar:/home/torito/.m2/repository/org/ops4j/pax/swissbox/pax-swissbox-property/1.5.0/pax-swissbox-property-1.5.0.jar:/home/torito/.m2/repository/org/ops4j/pax/url/pax-url-maven-commons/1.5.2/pax-url-maven-commons-1.5.2.jar:/home/torito/.m2/repository/org/ops4j/base/ops4j-base-util-xml/1.3.0/ops4j-base-util-xml-1.3.0.jar:/home/torito/.m2/repository/org/ops4j/base/ops4j-base-util-collections/1.3.0/ops4j-base-util-collections-1.3.0.jar:/home/torito/.m2/repository/org/sonatype/aether/aether-api/1.13.1/aether-api-1.13.1.jar:/home/torito/.m2/repository/org/sonatype/aether/aether-spi/1.13.1/aether-spi-1.13.1.jar:/home/torito/.m2/repository/org/sonatype/aether/aether-util/1.13.1/aether-util-1.13.1.jar:/home/torito/.m2/repository/org/sonatype/aether/aether-impl/1.13.1/aether-impl-1.13.1.jar:/home/torito/.m2/repository/org/sonatype/aether/aether-connector-wagon/1.13.1/aether-connector-wagon-1.13.1.jar:/home/torito/.m2/repository/org/codehaus/plexus/plexus-classworlds/2.4/plexus-classworlds-2.4.jar:/home/torito/.m2/repository/org/sonatype/sisu/sisu-inject-plexus/2.2.3/sisu-inject-plexus-2.2.3.jar:/home/torito/.m2/repository/org/sonatype/sisu/sisu-inject-bean/2.2.3/sisu-inject-bean-2.2.3.jar:/home/torito/.m2/repository/org/sonatype/sisu/sisu-guice/3.0.3/sisu-guice-3.0.3-no_aop.jar:/home/torito/.m2/repository/org/apache/maven/maven-aether-provider/3.0.4/maven-aether-provider-3.0.4.jar:/home/torito/.m2/repository/org/apache/maven/maven-model/3.0.4/maven-model-3.0.4.jar:/home/torito/.m2/repository/org/apache/maven/maven-model-builder/3.0.4/maven-model-builder-3.0.4.jar:/home/torito/.m2/repository/org/codehaus/plexus/plexus-interpolation/1.14/plexus-interpolation-1.14.jar:/home/torito/.m2/repository/org/apache/maven/maven-repository-metadata/3.0.4/maven-repository-metadata-3.0.4.jar:/home/torito/.m2/repository/org/codehaus/plexus/plexus-component-annotations/1.5.5/plexus-component-annotations-1.5.5.jar:/home/torito/.m2/repository/org/apache/maven/wagon/wagon-provider-api/1.0-beta-7/wagon-provider-api-1.0-beta-7.jar:/home/torito/.m2/repository/org/apache/maven/wagon/wagon-file/1.0-beta-7/wagon-file-1.0-beta-7.jar:/home/torito/.m2/repository/org/apache/maven/wagon/wagon-http-lightweight/1.0-beta-7/wagon-http-lightweight-1.0-beta-7.jar:/home/torito/.m2/repository/org/apache/maven/wagon/wagon-http-shared/1.0-beta-7/wagon-http-shared-1.0-beta-7.jar:/home/torito/.m2/repository/org/codehaus/plexus/plexus-container-default/1.5.5/plexus-container-default-1.5.5.jar:/home/torito/.m2/repository/org/apache/xbean/xbean-reflect/3.4/xbean-reflect-3.4.jar:/home/torito/.m2/repository/com/google/collections/google-collections/1.0/google-collections-1.0.jar:/home/torito/.m2/repository/org/codehaus/plexus/plexus-utils/3.0/plexus-utils-3.0.jar:/home/torito/.m2/repository/commons-httpclient/commons-httpclient/3.1/commons-httpclient-3.1.jar:/home/torito/.m2/repository/commons-logging/commons-logging/1.0.4/commons-logging-1.0.4.jar:/home/torito/.m2/repository/commons-codec/commons-codec/1.2/commons-codec-1.2.jar:/home/torito/.m2/repository/org/mockito/mockito-all/1.9.5/mockito-all-1.9.5.jar:/home/torito/.m2/repository/junit/junit/4.8.2/junit-4.8.2.jar:/home/torito/.m2/repository/fr/liglab/adele/icasa/icasa.teaching.distribution/1.1.2-SNAPSHOT/icasa.teaching.distribution-1.1.2-SNAPSHOT.zip:/home/torito/.m2/repository/fr/liglab/adele/common/base.distribution.test/1.1.2-SNAPSHOT/base.distribution.test-1.1.2-SNAPSHOT.jar:/home/torito/.m2/repository/org/apache/felix/org.apache.felix.main/4.0.3/org.apache.felix.main-4.0.3.jar:/home/torito/.m2/repository/org/apache/felix/org.apache.felix.framework/4.0.3/org.apache.felix.framework-4.0.3.jar:/home/torito/.m2/repository/org/ops4j/pax/url/pax-url-wrap/1.5.2/pax-url-wrap-1.5.2.jar:/home/torito/.m2/repository/org/ops4j/pax/swissbox/pax-swissbox-bnd/1.5.0/pax-swissbox-bnd-1.5.0.jar:/home/torito/.m2/repository/org/slf4j/slf4j-log4j12/1.6.4/slf4j-log4j12-1.6.4.jar:/home/torito/.m2/repository/log4j/log4j/1.2.16/log4j-1.2.16.jar:/home/torito/.m2/repository/org/slf4j/slf4j-api/1.6.4/slf4j-api-1.6.4.jar:/home/torito/.m2/repository/org/osgi/org.osgi.core/4.2.0/org.osgi.core-4.2.0.jar:/home/torito/.m2/repository/fr/liglab/adele/common/distribution.factory/1.1.2-SNAPSHOT/distribution.factory-1.1.2-SNAPSHOT.jar:"/>
    <property name="org.ops4j.pax.url.mvn.repositories" value="http://repository.springsource.com/maven/bundles/external@id=com.springsource.repository.bundles.external,http://repo1.maven.org/maven2/@id=central"/>
    <property name="java.specification.name" value="Java Platform API Specification"/>
    <property name="java.class.version" value="50.0"/>
    <property name="org.apache.catalina.STRICT_SERVLET_COMPLIANCE" value="false"/>
    <property name="pax.exam.invoker" value="junit"/>
    <property name="sun.management.compiler" value="HotSpot Tiered Compilers"/>
    <property name="os.version" value="3.5.0-25-generic"/>
    <property name="user.home" value="/home/torito"/>
    <property name="user.timezone" value="Europe/Paris"/>
    <property name="java.awt.printerjob" value="sun.print.PSPrinterJob"/>
    <property name="java.specification.version" value="1.6"/>
    <property name="file.encoding" value="UTF-8"/>
    <property name="user.name" value="torito"/>
    <property name="java.class.path" value="/home/torito/workspace/iCasa/iCasaPlatform/tests/core-platform-tests/zigbee-test/target/test-classes:/home/torito/workspace/iCasa/iCasaPlatform/tests/core-platform-tests/zigbee-test/target/classes:/home/torito/.m2/repository/fr/liglab/adele/icasa/context.api/1.1.2-SNAPSHOT/context.api-1.1.2-SNAPSHOT.jar:/home/torito/.m2/repository/org/ow2/chameleon/json/json-service-json.org/0.4.0/json-service-json.org-0.4.0.jar:/home/torito/.m2/repository/org/json/org.ow2.chameleon.commons.json/20090911-0002/org.ow2.chameleon.commons.json-20090911-0002.jar:/home/torito/.m2/repository/org/json/json/20090211/json-20090211.jar:/home/torito/.m2/repository/org/ow2/chameleon/json/json-service/0.4.0/json-service-0.4.0.jar:/home/torito/.m2/repository/fr/liglab/adele/icasa/simulator.api/1.1.2-SNAPSHOT/simulator.api-1.1.2-SNAPSHOT.jar:/home/torito/.m2/repository/fr/liglab/adele/icasa/technical.services.api/1.1.2-SNAPSHOT/technical.services.api-1.1.2-SNAPSHOT.jar:/home/torito/.m2/repository/org/osgi/org.osgi.compendium/4.2.0/org.osgi.compendium-4.2.0.jar:/home/torito/.m2/repository/fr/liglab/adele/icasa/access.manager.api/1.1.2-SNAPSHOT/access.manager.api-1.1.2-SNAPSHOT.jar:/home/torito/.m2/repository/fr/liglab/adele/icasa/application.api/1.1.2-SNAPSHOT/application.api-1.1.2-SNAPSHOT.jar:/home/torito/.m2/repository/fr/liglab/adele/icasa/common/1.1.2-SNAPSHOT/common-1.1.2-SNAPSHOT.jar:/home/torito/.m2/repository/org/apache/felix/org.apache.felix.ipojo/1.10.1/org.apache.felix.ipojo-1.10.1.jar:/home/torito/.m2/repository/org/apache/felix/org.apache.felix.ipojo.metadata/1.6.0/org.apache.felix.ipojo.metadata-1.6.0.jar:/home/torito/.m2/repository/org/ops4j/pax/exam/pax-exam-container-native/3.0.0/pax-exam-container-native-3.0.0.jar:/home/torito/.m2/repository/org/ops4j/pax/exam/pax-exam/3.0.0/pax-exam-3.0.0.jar:/home/torito/.m2/repository/org/ops4j/base/ops4j-base-store/1.4.0/ops4j-base-store-1.4.0.jar:/home/torito/.m2/repository/org/ops4j/base/ops4j-base-io/1.4.0/ops4j-base-io-1.4.0.jar:/home/torito/.m2/repository/org/ops4j/base/ops4j-base-util-property/1.4.0/ops4j-base-util-property-1.4.0.jar:/home/torito/.m2/repository/org/ops4j/pax/exam/pax-exam-spi/3.0.0/pax-exam-spi-3.0.0.jar:/home/torito/.m2/repository/org/ops4j/base/ops4j-base-spi/1.4.0/ops4j-base-spi-1.4.0.jar:/home/torito/.m2/repository/com/google/guava/guava/14.0.1/guava-14.0.1.jar:/home/torito/.m2/repository/org/ops4j/pax/tinybundles/tinybundles/1.0.0/tinybundles-1.0.0.jar:/home/torito/.m2/repository/biz/aQute/bndlib/1.43.0/bndlib-1.43.0.jar:/home/torito/.m2/repository/org/glassfish/main/common/scattered-archive-api/3.1.2.2/scattered-archive-api-3.1.2.2.jar:/home/torito/.m2/repository/org/ops4j/pax/swissbox/pax-swissbox-core/1.6.0/pax-swissbox-core-1.6.0.jar:/home/torito/.m2/repository/org/ops4j/pax/swissbox/pax-swissbox-lifecycle/1.6.0/pax-swissbox-lifecycle-1.6.0.jar:/home/torito/.m2/repository/org/ops4j/pax/swissbox/pax-swissbox-tracker/1.6.0/pax-swissbox-tracker-1.6.0.jar:/home/torito/.m2/repository/org/ops4j/base/ops4j-base-lang/1.4.0/ops4j-base-lang-1.4.0.jar:/home/torito/.m2/repository/org/ops4j/base/ops4j-base-net/1.4.0/ops4j-base-net-1.4.0.jar:/home/torito/.m2/repository/org/ops4j/base/ops4j-base-monitors/1.4.0/ops4j-base-monitors-1.4.0.jar:/home/torito/.m2/repository/org/ops4j/pax/url/pax-url-link/1.5.0/pax-url-link-1.5.0.jar:/home/torito/.m2/repository/org/ops4j/pax/url/pax-url-classpath/1.5.0/pax-url-classpath-1.5.0.jar:/home/torito/.m2/repository/org/ops4j/pax/swissbox/pax-swissbox-optional-jcl/1.5.0/pax-swissbox-optional-jcl-1.5.0.jar:/home/torito/.m2/repository/fr/liglab/adele/icasa/zigbee.core.dp/1.1.2-SNAPSHOT/zigbee.core.dp-1.1.2-SNAPSHOT.dp:/home/torito/.m2/repository/de/akquinet/gomobile/deployment-admin-impl/1.0.2/deployment-admin-impl-1.0.2.jar:/home/torito/.m2/repository/org/ops4j/pax/exam/pax-exam-junit4/3.0.0/pax-exam-junit4-3.0.0.jar:/home/torito/.m2/repository/org/ops4j/pax/exam/pax-exam-link-mvn/3.0.0/pax-exam-link-mvn-3.0.0.jar:/home/torito/.m2/repository/org/ops4j/pax/url/pax-url-aether/1.5.2/pax-url-aether-1.5.2.jar:/home/torito/.m2/repository/org/ops4j/pax/url/pax-url-commons/1.5.2/pax-url-commons-1.5.2.jar:/home/torito/.m2/repository/org/ops4j/pax/swissbox/pax-swissbox-property/1.5.0/pax-swissbox-property-1.5.0.jar:/home/torito/.m2/repository/org/ops4j/pax/url/pax-url-maven-commons/1.5.2/pax-url-maven-commons-1.5.2.jar:/home/torito/.m2/repository/org/ops4j/base/ops4j-base-util-xml/1.3.0/ops4j-base-util-xml-1.3.0.jar:/home/torito/.m2/repository/org/ops4j/base/ops4j-base-util-collections/1.3.0/ops4j-base-util-collections-1.3.0.jar:/home/torito/.m2/repository/org/sonatype/aether/aether-api/1.13.1/aether-api-1.13.1.jar:/home/torito/.m2/repository/org/sonatype/aether/aether-spi/1.13.1/aether-spi-1.13.1.jar:/home/torito/.m2/repository/org/sonatype/aether/aether-util/1.13.1/aether-util-1.13.1.jar:/home/torito/.m2/repository/org/sonatype/aether/aether-impl/1.13.1/aether-impl-1.13.1.jar:/home/torito/.m2/repository/org/sonatype/aether/aether-connector-wagon/1.13.1/aether-connector-wagon-1.13.1.jar:/home/torito/.m2/repository/org/codehaus/plexus/plexus-classworlds/2.4/plexus-classworlds-2.4.jar:/home/torito/.m2/repository/org/sonatype/sisu/sisu-inject-plexus/2.2.3/sisu-inject-plexus-2.2.3.jar:/home/torito/.m2/repository/org/sonatype/sisu/sisu-inject-bean/2.2.3/sisu-inject-bean-2.2.3.jar:/home/torito/.m2/repository/org/sonatype/sisu/sisu-guice/3.0.3/sisu-guice-3.0.3-no_aop.jar:/home/torito/.m2/repository/org/apache/maven/maven-aether-provider/3.0.4/maven-aether-provider-3.0.4.jar:/home/torito/.m2/repository/org/apache/maven/maven-model/3.0.4/maven-model-3.0.4.jar:/home/torito/.m2/repository/org/apache/maven/maven-model-builder/3.0.4/maven-model-builder-3.0.4.jar:/home/torito/.m2/repository/org/codehaus/plexus/plexus-interpolation/1.14/plexus-interpolation-1.14.jar:/home/torito/.m2/repository/org/apache/maven/maven-repository-metadata/3.0.4/maven-repository-metadata-3.0.4.jar:/home/torito/.m2/repository/org/codehaus/plexus/plexus-component-annotations/1.5.5/plexus-component-annotations-1.5.5.jar:/home/torito/.m2/repository/org/apache/maven/wagon/wagon-provider-api/1.0-beta-7/wagon-provider-api-1.0-beta-7.jar:/home/torito/.m2/repository/org/apache/maven/wagon/wagon-file/1.0-beta-7/wagon-file-1.0-beta-7.jar:/home/torito/.m2/repository/org/apache/maven/wagon/wagon-http-lightweight/1.0-beta-7/wagon-http-lightweight-1.0-beta-7.jar:/home/torito/.m2/repository/org/apache/maven/wagon/wagon-http-shared/1.0-beta-7/wagon-http-shared-1.0-beta-7.jar:/home/torito/.m2/repository/org/codehaus/plexus/plexus-container-default/1.5.5/plexus-container-default-1.5.5.jar:/home/torito/.m2/repository/org/apache/xbean/xbean-reflect/3.4/xbean-reflect-3.4.jar:/home/torito/.m2/repository/com/google/collections/google-collections/1.0/google-collections-1.0.jar:/home/torito/.m2/repository/org/codehaus/plexus/plexus-utils/3.0/plexus-utils-3.0.jar:/home/torito/.m2/repository/commons-httpclient/commons-httpclient/3.1/commons-httpclient-3.1.jar:/home/torito/.m2/repository/commons-logging/commons-logging/1.0.4/commons-logging-1.0.4.jar:/home/torito/.m2/repository/commons-codec/commons-codec/1.2/commons-codec-1.2.jar:/home/torito/.m2/repository/org/mockito/mockito-all/1.9.5/mockito-all-1.9.5.jar:/home/torito/.m2/repository/junit/junit/4.8.2/junit-4.8.2.jar:/home/torito/.m2/repository/fr/liglab/adele/icasa/icasa.teaching.distribution/1.1.2-SNAPSHOT/icasa.teaching.distribution-1.1.2-SNAPSHOT.zip:/home/torito/.m2/repository/fr/liglab/adele/common/base.distribution.test/1.1.2-SNAPSHOT/base.distribution.test-1.1.2-SNAPSHOT.jar:/home/torito/.m2/repository/org/apache/felix/org.apache.felix.main/4.0.3/org.apache.felix.main-4.0.3.jar:/home/torito/.m2/repository/org/apache/felix/org.apache.felix.framework/4.0.3/org.apache.felix.framework-4.0.3.jar:/home/torito/.m2/repository/org/ops4j/pax/url/pax-url-wrap/1.5.2/pax-url-wrap-1.5.2.jar:/home/torito/.m2/repository/org/ops4j/pax/swissbox/pax-swissbox-bnd/1.5.0/pax-swissbox-bnd-1.5.0.jar:/home/torito/.m2/repository/org/slf4j/slf4j-log4j12/1.6.4/slf4j-log4j12-1.6.4.jar:/home/torito/.m2/repository/log4j/log4j/1.2.16/log4j-1.2.16.jar:/home/torito/.m2/repository/org/slf4j/slf4j-api/1.6.4/slf4j-api-1.6.4.jar:/home/torito/.m2/repository/org/osgi/org.osgi.core/4.2.0/org.osgi.core-4.2.0.jar:/home/torito/.m2/repository/fr/liglab/adele/common/distribution.factory/1.1.2-SNAPSHOT/distribution.factory-1.1.2-SNAPSHOT.jar:"/>
    <property name="java.vm.specification.version" value="1.0"/>
    <property name="sun.arch.data.model" value="32"/>
    <property name="java.home" value="/usr/lib/jvm/java-6-oracle/jre"/>
    <property name="sun.java.command" value="/tmp/surefirebooter9203962097350703240.jar /tmp/surefire7562282201355663308tmp /tmp/surefire1468219922394359225tmp"/>
    <property name="ipojo.processing.synchronous" value="false"/>
    <property name="java.specification.vendor" value="Sun Microsystems Inc."/>
    <property name="user.language" value="en"/>
    <property name="java.vm.info" value="mixed mode"/>
    <property name="java.version" value="1.6.0_43"/>
    <property name="java.ext.dirs" value="/usr/lib/jvm/java-6-oracle/jre/lib/ext:/usr/java/packages/lib/ext"/>
    <property name="sun.boot.class.path" value="/usr/lib/jvm/java-6-oracle/jre/lib/resources.jar:/usr/lib/jvm/java-6-oracle/jre/lib/rt.jar:/usr/lib/jvm/java-6-oracle/jre/lib/sunrsasign.jar:/usr/lib/jvm/java-6-oracle/jre/lib/jsse.jar:/usr/lib/jvm/java-6-oracle/jre/lib/jce.jar:/usr/lib/jvm/java-6-oracle/jre/lib/charsets.jar:/usr/lib/jvm/java-6-oracle/jre/lib/modules/jdk.boot.jar:/usr/lib/jvm/java-6-oracle/jre/classes"/>
    <property name="java.vendor" value="Sun Microsystems Inc."/>
    <property name="localRepository" value="/home/torito/.m2/repository"/>
    <property name="pax.exam.service.timeout" value="10000"/>
    <property name="file.separator" value="/"/>
    <property name="java.vendor.url.bug" value="http://java.sun.com/cgi-bin/bugreport.cgi"/>
    <property name="zigbee.driver.port" value="/dev/ttyUSB0"/>
    <property name="sun.cpu.endian" value="little"/>
    <property name="sun.io.unicode.encoding" value="UnicodeLittle"/>
    <property name="sun.cpu.isalist" value=""/>
  </properties>
  <testcase time="16.717" classname="fr.liglab.adele.icasa.zigbee.test.ZigbeeDeviceTest" name="testDeadlockInBinaryLightDeviceAndIlluminance"/>
  <testcase time="13.151" classname="fr.liglab.adele.icasa.zigbee.test.ZigbeeDeviceTest" name="testDeadlockInHeaterDeviceAndTemperatureModel"/>
</testsuite>